<?xml version="1.0" encoding="UTF-8"?>
<!-- Generated by org.testng.reporters.JUnitXMLReporter -->
<testsuite ignored="0" hostname="LAPTOP-H2F0LVSP" failures="1" tests="1" name="Test" time="12.036" errors="0" timestamp="2025-02-05T09:13:50 EST">
  <testcase classname="io.cucumber.testng.AbstractTestNGCucumberTests" name="runScenario" time="9.058">
    <failure type="java.lang.AssertionError" message="expected [Please enter you password.] but found [Please enter your password.]">
      <![CDATA[java.lang.AssertionError: expected [Please enter you password.] but found [Please enter your password.]
at com.seleniumcucumberframework.qa.stepdefinition.LoginStepDef.theErrorMessageShouldBeDisplayed(LoginStepDef.java:100)
at âœ½.The error message should be displayed(file:///C:/Users/knand/eclipse-workspace/12345/com.seleniumcucumberframework.qa/src/test/resources/features/login.feature:11)
... Removed 6 stack frames]]>
    </failure>
  </testcase> <!-- runScenario -->
</testsuite> <!-- Test -->
